0 info it worked if it ends with ok
1 verbose cli [ '/usr/local/bin/node',
1 verbose cli   '/home/knoldus/npm/bin/npm',
1 verbose cli   'run',
1 verbose cli   'clean' ]
2 info using npm@3.10.5
3 info using node@v6.2.2
4 verbose run-script [ 'preclean', 'clean', 'postclean' ]
5 info lifecycle yourmanager@1.0.0~preclean: yourmanager@1.0.0
6 silly lifecycle yourmanager@1.0.0~preclean: no script for preclean, continuing
7 info lifecycle yourmanager@1.0.0~clean: yourmanager@1.0.0
8 verbose lifecycle yourmanager@1.0.0~clean: unsafe-perm in lifecycle true
9 verbose lifecycle yourmanager@1.0.0~clean: PATH: /home/knoldus/npm/lib/node_modules/npm/bin/node-gyp-bin:/home/knoldus/yourManager/node_modules/.bin:/usr/local/bin:/home/knoldus/npm/bin:/home/knoldus/npm/bin:/home/knoldus/softwares/jdk1.8.0_51/bin:/home/knoldus/softwares/scala-2.11.7/bin:/home/knoldus/softwares/sbt/bin:/home/knoldus/gitProjects/ComfortOfficeZone/node_modules/.bin:/usr/local/sbin:/usr/local/bin:/usr/sbin:/usr/bin:/sbin:/bin:/usr/games:/usr/local/games:/snap/bin:/home/knoldus/activator-dist-1.3.5:.:/home/knoldus/.node/bin
10 verbose lifecycle yourmanager@1.0.0~clean: CWD: /home/knoldus/yourManager
11 silly lifecycle yourmanager@1.0.0~clean: Args: [ '-c',
11 silly lifecycle   'rm -rf dist && rm -rf client/app/*.ngfactory.ts && cd client/compiled && ls | grep -v client/boot-ngc.ts | xargs rm && cd ..' ]
12 silly lifecycle yourmanager@1.0.0~clean: Returned: code: 2  signal: null
13 info lifecycle yourmanager@1.0.0~clean: Failed to exec clean script
14 verbose stack Error: yourmanager@1.0.0 clean: `rm -rf dist && rm -rf client/app/*.ngfactory.ts && cd client/compiled && ls | grep -v client/boot-ngc.ts | xargs rm && cd ..`
14 verbose stack Exit status 2
14 verbose stack     at EventEmitter.<anonymous> (/home/knoldus/npm/lib/node_modules/npm/lib/utils/lifecycle.js:242:16)
14 verbose stack     at emitTwo (events.js:106:13)
14 verbose stack     at EventEmitter.emit (events.js:191:7)
14 verbose stack     at ChildProcess.<anonymous> (/home/knoldus/npm/lib/node_modules/npm/lib/utils/spawn.js:40:14)
14 verbose stack     at emitTwo (events.js:106:13)
14 verbose stack     at ChildProcess.emit (events.js:191:7)
14 verbose stack     at maybeClose (internal/child_process.js:852:16)
14 verbose stack     at Process.ChildProcess._handle.onexit (internal/child_process.js:215:5)
15 verbose pkgid yourmanager@1.0.0
16 verbose cwd /home/knoldus/yourManager
17 error Linux 4.4.0-31-generic
18 error argv "/usr/local/bin/node" "/home/knoldus/npm/bin/npm" "run" "clean"
19 error node v6.2.2
20 error npm  v3.10.5
21 error code ELIFECYCLE
22 error yourmanager@1.0.0 clean: `rm -rf dist && rm -rf client/app/*.ngfactory.ts && cd client/compiled && ls | grep -v client/boot-ngc.ts | xargs rm && cd ..`
22 error Exit status 2
23 error Failed at the yourmanager@1.0.0 clean script 'rm -rf dist && rm -rf client/app/*.ngfactory.ts && cd client/compiled && ls | grep -v client/boot-ngc.ts | xargs rm && cd ..'.
23 error Make sure you have the latest version of node.js and npm installed.
23 error If you do, this is most likely a problem with the yourmanager package,
23 error not with npm itself.
23 error Tell the author that this fails on your system:
23 error     rm -rf dist && rm -rf client/app/*.ngfactory.ts && cd client/compiled && ls | grep -v client/boot-ngc.ts | xargs rm && cd ..
23 error You can get information on how to open an issue for this project with:
23 error     npm bugs yourmanager
23 error Or if that isn't available, you can get their info via:
23 error     npm owner ls yourmanager
23 error There is likely additional logging output above.
24 verbose exit [ 1, true ]
